<?xml version="1.0" encoding="UTF-8"?>
<!-- Generated by org.testng.reporters.JUnitXMLReporter -->
<testsuite hostname="User-PC" ignored="0" name="Default test" tests="3" failures="0" timestamp="02 Jan 2019 04:05:39 GMT" time="29.587" errors="0">
  <testcase name="homePageTest3" time="3.385" classname="com.nike.allpages.test.HomepageTest"/>
  <testcase name="homePageTest3" time="1.633" classname="com.nike.allpages.test.HomepageTest"/>
  <testcase name="homePageTest3" time="1.653" classname="com.nike.allpages.test.HomepageTest"/>
</testsuite> <!-- Default test -->
