<?xml version="1.0" encoding="UTF-8"?>
<testng-results skipped="0" failed="0" ignored="0" total="1" passed="1">
  <reporter-output>
    <line>
      <![CDATA[Actual Country NORTH AMERICA is equal to Expected Country NORTH AMERICA]]>
    </line>
    <line>
      <![CDATA[Actual Country SOUTH AMERICA is equal to Expected Country SOUTH AMERICA]]>
    </line>
    <line>
      <![CDATA[Actual Country EUROPE is equal to Expected Country EUROPE]]>
    </line>
    <line>
      <![CDATA[Actual Country ASIA PACIFIC is equal to Expected Country ASIA PACIFIC]]>
    </line>
    <line>
      <![CDATA[Actual Country MIDDLE EAST is equal to Expected Country MIDDLE EAST]]>
    </line>
    <line>
      <![CDATA[Actual Country AFRICA is equal to Expected Country AFRICA]]>
    </line>
  </reporter-output>
  <suite name="Default suite" duration-ms="20987" started-at="2019-01-03T06:42:56Z" finished-at="2019-01-03T06:43:17Z">
    <groups>
    </groups>
    <test name="Default test" duration-ms="20987" started-at="2019-01-03T06:42:56Z" finished-at="2019-01-03T06:43:17Z">
      <class name="com.nike.allpages.test.SelectYourLocationPageTest">
        <test-method status="PASS" signature="openBrowser()[pri:0, instance:com.nike.allpages.test.SelectYourLocationPageTest@5e3a8624]" name="openBrowser" is-config="true" duration-ms="8509" started-at="2019-01-03T06:42:56Z" finished-at="2019-01-03T06:43:04Z">
          <reporter-output>
          </reporter-output>
        </test-method> <!-- openBrowser -->
        <test-method status="PASS" signature="homePageTest1()[pri:0, instance:com.nike.allpages.test.SelectYourLocationPageTest@5e3a8624]" name="homePageTest1" duration-ms="12446" started-at="2019-01-03T06:43:04Z" finished-at="2019-01-03T06:43:17Z">
          <reporter-output>
            <line>
              <![CDATA[Actual Country NORTH AMERICA is equal to Expected Country NORTH AMERICA]]>
            </line>
            <line>
              <![CDATA[Actual Country SOUTH AMERICA is equal to Expected Country SOUTH AMERICA]]>
            </line>
            <line>
              <![CDATA[Actual Country EUROPE is equal to Expected Country EUROPE]]>
            </line>
            <line>
              <![CDATA[Actual Country ASIA PACIFIC is equal to Expected Country ASIA PACIFIC]]>
            </line>
            <line>
              <![CDATA[Actual Country MIDDLE EAST is equal to Expected Country MIDDLE EAST]]>
            </line>
            <line>
              <![CDATA[Actual Country AFRICA is equal to Expected Country AFRICA]]>
            </line>
          </reporter-output>
        </test-method> <!-- homePageTest1 -->
        <test-method status="PASS" signature="tearDown()[pri:0, instance:com.nike.allpages.test.SelectYourLocationPageTest@5e3a8624]" name="tearDown" is-config="true" duration-ms="0" started-at="2019-01-03T06:43:17Z" finished-at="2019-01-03T06:43:17Z">
          <reporter-output>
          </reporter-output>
        </test-method> <!-- tearDown -->
      </class> <!-- com.nike.allpages.test.SelectYourLocationPageTest -->
    </test> <!-- Default test -->
  </suite> <!-- Default suite -->
</testng-results>
